Makefile:103: warning: overriding recipe for target 'clean'
../..//common/rules.mk:98: warning: ignoring old recipe for target 'clean'
make[1]: Entering directory '/home/chenweis/hdd/Repo/fork_os/prtos-hypervisor/user/bail/examples/freertos_para_virt_riscv'
Makefile:103: warning: overriding recipe for target 'clean'
../..//common/rules.mk:98: warning: ignoring old recipe for target 'clean'
make[1]: Leaving directory '/home/chenweis/hdd/Repo/fork_os/prtos-hypervisor/user/bail/examples/freertos_para_virt_riscv'
make[1]: Entering directory '/home/chenweis/hdd/Repo/fork_os/prtos-hypervisor/user/bail/examples/freertos_para_virt_riscv'
Makefile:103: warning: overriding recipe for target 'clean'
../..//common/rules.mk:98: warning: ignoring old recipe for target 'clean'
mkdir -p obj/
riscv64-linux-gnu-gcc -c -march=rv64gc -mabi=lp64d -mcmodel=medany -ffreestanding -Wall -Wextra -g -DGUEST -I./include -I../native_freertos_run_on_qemu_risc64_virt/FreeRTOS/Source/include/ ../native_freertos_run_on_qemu_risc64_virt/FreeRTOS/Source/queue.c -o obj/queue.o
riscv64-linux-gnu-gcc -c -march=rv64gc -mabi=lp64d -mcmodel=medany -ffreestanding -Wall -Wextra -g -DGUEST -I./include -I../native_freertos_run_on_qemu_risc64_virt/FreeRTOS/Source/include/ ../native_freertos_run_on_qemu_risc64_virt/FreeRTOS/Source/list.c -o obj/list.o
riscv64-linux-gnu-gcc -c -march=rv64gc -mabi=lp64d -mcmodel=medany -ffreestanding -Wall -Wextra -g -DGUEST -I./include -I../native_freertos_run_on_qemu_risc64_virt/FreeRTOS/Source/include/ ../native_freertos_run_on_qemu_risc64_virt/FreeRTOS/Source/tasks.c -o obj/tasks.o
riscv64-linux-gnu-gcc -c -march=rv64gc -mabi=lp64d -mcmodel=medany -ffreestanding -Wall -Wextra -g -DGUEST -I./include -I../native_freertos_run_on_qemu_risc64_virt/FreeRTOS/Source/include/ ../native_freertos_run_on_qemu_risc64_virt/FreeRTOS/Source/timers.c -o obj/timers.o
riscv64-linux-gnu-gcc -c -march=rv64gc -mabi=lp64d -mcmodel=medany -ffreestanding -Wall -Wextra -g -DGUEST -I./include -I../native_freertos_run_on_qemu_risc64_virt/FreeRTOS/Source/include/ ../native_freertos_run_on_qemu_risc64_virt/FreeRTOS/Source/portable/MemMang/heap_1.c -o obj/heap_1.o
riscv64-linux-gnu-gcc -c -march=rv64gc -mabi=lp64d -mcmodel=medany -ffreestanding -Wall -Wextra -g -DGUEST -I./include -I../native_freertos_run_on_qemu_risc64_virt/FreeRTOS/Source/include/ port.c -o obj/port.o
riscv64-linux-gnu-gcc -c -march=rv64gc -mabi=lp64d -mcmodel=medany -ffreestanding -Wall -Wextra -g -DGUEST -I./include -I../native_freertos_run_on_qemu_risc64_virt/FreeRTOS/Source/include/ portASM.S -o obj/portASM.o
riscv64-linux-gnu-gcc -c -march=rv64gc -mabi=lp64d -mcmodel=medany -ffreestanding -Wall -Wextra -g -DGUEST -I./include -I../native_freertos_run_on_qemu_risc64_virt/FreeRTOS/Source/include/ main.c -o obj/main.o
riscv64-linux-gnu-gcc -c -march=rv64gc -mabi=lp64d -mcmodel=medany -ffreestanding -Wall -Wextra -g -DGUEST -I./include -I../native_freertos_run_on_qemu_risc64_virt/FreeRTOS/Source/include/ start.S -o obj/start.o
riscv64-linux-gnu-gcc -c -march=rv64gc -mabi=lp64d -mcmodel=medany -ffreestanding -Wall -Wextra -g -DGUEST -I./include -I../native_freertos_run_on_qemu_risc64_virt/FreeRTOS/Source/include/ tick_config.c -o obj/tick_config.o
riscv64-linux-gnu-gcc -c -march=rv64gc -mabi=lp64d -mcmodel=medany -ffreestanding -Wall -Wextra -g -DGUEST -I./include -I../native_freertos_run_on_qemu_risc64_virt/FreeRTOS/Source/include/ uart.c -o obj/uart.o
riscv64-linux-gnu-gcc -c -march=rv64gc -mabi=lp64d -mcmodel=medany -ffreestanding -Wall -Wextra -g -DGUEST -I./include -I../native_freertos_run_on_qemu_risc64_virt/FreeRTOS/Source/include/ hdr.c -o obj/hdr.o
riscv64-linux-gnu-gcc -c -march=rv64gc -mabi=lp64d -mcmodel=medany -ffreestanding -Wall -Wextra -g -DGUEST -I./include -I../native_freertos_run_on_qemu_risc64_virt/FreeRTOS/Source/include/ printf-stdarg.c -o obj/printf-stdarg.o
riscv64-linux-gnu-gcc -c -march=rv64gc -mabi=lp64d -mcmodel=medany -ffreestanding -Wall -Wextra -g -DGUEST -I./include -I../native_freertos_run_on_qemu_risc64_virt/FreeRTOS/Source/include/ example.c -o obj/example.o
riscv64-linux-gnu-gcc -c -march=rv64gc -mabi=lp64d -mcmodel=medany -ffreestanding -Wall -Wextra -g -DGUEST -I./include -I../native_freertos_run_on_qemu_risc64_virt/FreeRTOS/Source/include/ nostdlib.c -o obj/nostdlib.o
riscv64-linux-gnu-ld -T linker.ld obj/queue.o obj/list.o obj/tasks.o obj/timers.o obj/heap_1.o obj/port.o obj/portASM.o obj/main.o obj/start.o obj/tick_config.o obj/uart.o obj/hdr.o obj/printf-stdarg.o obj/example.o obj/nostdlib.o /usr/lib/gcc-cross/riscv64-linux-gnu/13/libgcc.a -o partition
riscv64-linux-gnu-ld: warning: partition has a LOAD segment with RWX permissions
/home/chenweis/hdd/Repo/fork_os/prtos-hypervisor/user/bin/prtoseformat build partition -c -o partition.pef
eec8bba4a1b023588f4ad6a55ef291b6 partition.pef
/home/chenweis/hdd/Repo/fork_os/prtos-hypervisor/user/bin/prtoscparser -o prtos_cf.bin.prtos_conf prtos_cf.riscv64.xml
make[2]: Entering directory '/home/chenweis/hdd/Repo/fork_os/prtos-hypervisor/user/bail/examples/freertos_para_virt_riscv'
riscv64-linux-gnu-gcc -march=rv64gc -mabi=lp64d -mcmodel=medany -x c -O2 -Wall -I/home/chenweis/hdd/Repo/fork_os/prtos-hypervisor/user/libprtos/include -D"__PRTOS_INCFLD(_fld)=<prtos_inc/_fld>" -I/home/chenweis/hdd/Repo/fork_os/prtos-hypervisor/include -nostdlib -nostdinc --include prtos_inc/config.h --include prtos_inc/arch/arch_types.h a.c.prtos_conf -c -o xml_obj_file.o
/tmp/ccSGBywF.s: Assembler messages:
/tmp/ccSGBywF.s:434: Warning: setting incorrect section attributes for .rodata.hdr
riscv64-linux-gnu-ld xml_obj_file.o -nostdlib  -o obj_exc_elf -e 0x0 -TldsqhCWhX
riscv64-linux-gnu-objcopy -O binary  obj_exc_elf prtos_cf.bin.prtos_conf
make[2]: Leaving directory '/home/chenweis/hdd/Repo/fork_os/prtos-hypervisor/user/bail/examples/freertos_para_virt_riscv'
name_uart_attr_handle: Uart
/home/chenweis/hdd/Repo/fork_os/prtos-hypervisor/user/bin/prtoseformat build -m prtos_cf.bin.prtos_conf -c -o prtos_cf.pef.prtos_conf
1a7d04ad0f14e055d7af65d5ee5d1c16 prtos_cf.pef.prtos_conf
/home/chenweis/hdd/Repo/fork_os/prtos-hypervisor/user/bin/prtospack check prtos_cf.pef.prtos_conf -h /home/chenweis/hdd/Repo/fork_os/prtos-hypervisor/core/prtos_core.pef:prtos_cf.pef.prtos_conf -p 0:partition.pef
> /home/chenweis/hdd/Repo/fork_os/prtos-hypervisor/core/prtos_core.pef ... ok
> partition.pef ... ok
/home/chenweis/hdd/Repo/fork_os/prtos-hypervisor/user/bin/prtospack build -h /home/chenweis/hdd/Repo/fork_os/prtos-hypervisor/core/prtos_core.pef:prtos_cf.pef.prtos_conf -p 0:partition.pef container.bin
> /home/chenweis/hdd/Repo/fork_os/prtos-hypervisor/core/prtos_core.pef ... ok
> partition.pef ... ok
/home/chenweis/hdd/Repo/fork_os/prtos-hypervisor/user/bin/rswbuild container.bin resident_sw
/home/chenweis/hdd/Repo/fork_os/prtos-hypervisor/prtos_config: line 25: -mabi=lp64d: command not found
/home/chenweis/hdd/Repo/fork_os/prtos-hypervisor/prtos_config: line 26: -mabi=lp64d: command not found

Created by "chenweis" on "chenweis-Z390-AORUS-ULTRA" at "Sat Mar 28 09:13:15 CET 2026"
PRTOS path: "/home/chenweis/hdd/Repo/fork_os/prtos-hypervisor"

prtos Core:
   Version: "1.0.0"
   Arch:    "riscv64"
   File:    "/home/chenweis/hdd/Repo/fork_os/prtos-hypervisor/core/prtos_core.pef"
   Sha1:    "52399151e4a22e63bbf32bfdef3e35f78bc6beb8"
   Changed: ""

prtos Library:
   Version: "1.0.0"
   File:    "/home/chenweis/hdd/Repo/fork_os/prtos-hypervisor/user/libprtos/libprtos.a"
   Sha1:    "69eeafefcb882ace069ee3fe9384fcda7be11ea9"
   Changed: ""

prtos Tools:
   File:    "/home/chenweis/hdd/Repo/fork_os/prtos-hypervisor/user/bin/prtoscparser"
   Sha1:    "bc8febffabf142f96307e98187d4eb3be41fb5de"
riscv64-linux-gnu-ld: warning: resident_sw has a LOAD segment with RWX permissions
make[1]: Leaving directory '/home/chenweis/hdd/Repo/fork_os/prtos-hypervisor/user/bail/examples/freertos_para_virt_riscv'
=== Creating bootable image ===
=== Starting QEMU (Use Ctrl+C to exit) ===

OpenSBI v1.3
   ____                    _____ ____ _____
  / __ \                  / ____|  _ \_   _|
 | |  | |_ __   ___ _ __ | (___ | |_) || |
 | |  | | '_ \ / _ \ '_ \ \___ \|  _ < | |
 | |__| | |_) |  __/ | | |____) | |_) || |_
  \____/| .__/ \___|_| |_|_____/|___ /_____|
        | |
        |_|

Platform Name             : riscv-virtio,qemu
Platform Features         : medeleg
Platform HART Count       : 4
Platform IPI Device       : aclint-mswi
Platform Timer Device     : aclint-mtimer @ 10000000Hz
Platform Console Device   : uart8250
Platform HSM Device       : ---
Platform PMU Device       : ---
Platform Reboot Device    : sifive_test
Platform Shutdown Device  : sifive_test
Platform Suspend Device   : ---
Platform CPPC Device      : ---
Firmware Base             : 0x80000000
Firmware Size             : 352 KB
Firmware RW Offset        : 0x40000
Firmware RW Size          : 96 KB
Firmware Heap Offset      : 0x4e000
Firmware Heap Size        : 40 KB (total), 2 KB (reserved), 9 KB (used), 28 KB (free)
Firmware Scratch Size     : 4096 B (total), 760 B (used), 3336 B (free)
Runtime SBI Version       : 1.0

Domain0 Name              : root
Domain0 Boot HART         : 1
Domain0 HARTs             : 0*,1*,2*,3*
Domain0 Region00          : 0x0000000002000000-0x000000000200ffff M: (I,R,W) S/U: ()
Domain0 Region01          : 0x0000000080040000-0x000000008005ffff M: (R,W) S/U: ()
Domain0 Region02          : 0x0000000080000000-0x000000008003ffff M: (R,X) S/U: ()
Domain0 Region03          : 0x0000000000000000-0xffffffffffffffff M: (R,W,X) S/U: (R,W,X)
Domain0 Next Address      : 0x0000000080200000
Domain0 Next Arg1         : 0x00000000bfe00000
Domain0 Next Mode         : S-mode
Domain0 SysReset          : yes
Domain0 SysSuspend        : yes

Boot HART ID              : 1
Boot HART Domain          : root
Boot HART Priv Version    : v1.12
Boot HART Base ISA        : rv64imafdch
Boot HART ISA Extensions  : time,sstc
Boot HART PMP Count       : 16
Boot HART PMP Granularity : 4
Boot HART PMP Address Bits: 54
Boot HART MHPM Count      : 16
Boot HART MIDELEG         : 0x0000000000001666
Boot HART MEDELEG         : 0x0000000000f0b509
[RSW] Start Resident Software
[RSW] container_ptr=0x80280000
[RSW] Container parsed OK, num_partitions=2
[RSW] PRTOS PEF parsed OK
[RSW] Config PEF parsed OK
[RSW] prtos_conf loaded at 0x80435000
[RSW] prtos_conf signature=0x24584D43
[RSW] Config signature OK
[RSW] PRTOS core loaded, hdr=0x8040F000, entry=0x80400000
[RSW] PRTOS header signatures OK
[RSW] Starting prtos at 0x80400000
PRTOS map: [0x80400000 - 0x823fffff] flags: 0x0
alloc_rsv_mem: size: 1036288, align: 0x1000
alloc_rsv_mem: size: 524288, align: 0x1000
[VMM] Free [0xffffffc0c0000000-0xffffffc0d0000000] 0x10000 frames
alloc_rsv_mem: size: 16, align: 0x8
phys_page_table:0xffffffc08043b4a0
prtos_conf_mem_reg_table[0].start_addr: 0x0, size: 0x20000000
prtos_conf_mem_reg_table[0].flags: 0x1
Creating phys_page_table[0] with size of pages: 0x20000
Creating phys_page_table[0] with size of bytes 5242880
alloc_rsv_mem: size: 5242880, align: 0x8
phys_page_table[0]:0xffffffc08043b4b0
prtos_conf_mem_reg_table[1].start_addr: 0x80000000, size: 0x20000000
prtos_conf_mem_reg_table[1].flags: 0x1
Creating phys_page_table[1] with size of pages: 0x20000
Creating phys_page_table[1] with size of bytes 5242880
alloc_rsv_mem: size: 5242880, align: 0x8
phys_page_table[1]:0xffffffc08093b4b0
Setting up kernel devices kdev_setup:0xffffffc080420230
Kernel devices setup complete size:2
alloc_rsv_mem: size: 8, align: 0x8
alloc_rsv_mem: size: 48, align: 0x8
alloc_rsv_mem: size: 64, align: 0x8
PRTOS Hypervisor (1.0 r0)
Detected 10.0MHz processor.
alloc_rsv_mem: size: 56, align: 0x8
alloc_rsv_mem: size: 136, align: 0x8
>> HWClocks [riscv-clock (10000khz)]
[CPU0] >> hardware timer [riscv-timer (10000Khz)]
alloc_rsv_mem: size: 8, align: 0x8
alloc_rsv_mem: size: 456, align: 0x1000
alloc_rsv_mem: size: 8192, align: 0x8
alloc_rsv_mem: size: 1120, align: 0x8
alloc_rsv_mem: size: 16384, align: 0x4000
alloc_rsv_mem: size: 4096, align: 0x1000
alloc_rsv_mem: size: 4096, align: 0x1000
alloc_rsv_mem: size: 4096, align: 0x1000
alloc_rsv_mem: size: 4096, align: 0x1000
alloc_rsv_mem: size: 4096, align: 0x1000
alloc_rsv_mem: size: 4096, align: 0x1000
alloc_rsv_mem: size: 4096, align: 0x1000
alloc_rsv_mem: size: 4096, align: 0x1000
alloc_rsv_mem: size: 4096, align: 0x1000
alloc_rsv_mem: size: 4096, align: 0x1000
P0 ("FreeRTOS":0:1) flags: [ SYSTEM ]:
    [0x10000000:0x10000000 - 0x10000fff:0x10000fff] flags: 0x0
    [0x86000000:0x86000000 - 0x861fffff:0x861fffff] flags: 0x0
FreeRTOS on PRTOS (Para-Virt RISC-V) starting!
test_software_timer()
Timer[0]:8600B410 is set into the Active state.
Timer[1]:8600B5A0 is set into the Active state.
Timer[2]:8600B5F0 is set into the Active state.
Timer[3]:8600B640 is set into the Active state.
Timer[4]:8600B690 is set into the Active state.
TaskA() ticks:1
TaskA() ticks:501
vTimerCallback() Timer:8600B410 Stop
TaskA() ticks:1001
TaskA() ticks:1501
vTimerCallback() Timer:8600B5A0 Stop
TaskA() ticks:2001
TaskA() ticks:2501
vTimerCallback() Timer:8600B5F0 Stop
TaskA() ticks:3001
TaskA() ticks:3501
vTimerCallback() Timer:8600B640 Stop
TaskA() ticks:4001
TaskA() ticks:4501
vTimerCallback() Timer:8600B690 Stop
TaskA() ticks:5001
TaskA() ticks:5501
Verification Passed
TaskA() ticks:6001
TaskA() ticks:6501
TaskA() ticks:7001
TaskA() ticks:7501
TaskA() ticks:8001
TaskA() ticks:8501
make: *** [../run.mk:64: run.riscv64] Killed
